<?xml version="1.0" encoding="UTF-8"?>
<!-- Generated by org.testng.reporters.JUnitXMLReporter -->
<testsuite ignored="0" hostname="DESKTOP-GKPSUJA" failures="0" tests="4" name="Default test" time="28.005" errors="0" timestamp="2023-05-22T17:22:48 IST">
  <testcase classname="test2.LoginTest2" name="verifyTitleOfBuild" time="0.046"/>
  <testcase classname="test2.LoginTest2" name="verifyTitleofPage" time="0.839"/>
  <testcase classname="test2.LoginTest2" name="verifyCurrentUrlofPage" time="0.027"/>
  <testcase classname="test2.LoginTest2" name="verifyLoginWithCorrectCredentials" time="3.361"/>
</testsuite> <!-- Default test -->
