<?xml version="1.0" encoding="UTF-8"?>
<!-- Generated by org.testng.reporters.JUnitXMLReporter -->
<testsuite ignored="0" hostname="DESKTOP-GKPSUJA" failures="0" tests="3" name="LoginTest" time="0.736" errors="0" timestamp="2023-05-22T17:38:17 IST">
  <testcase classname="test2.LoginTest2" name="verifyTitleOfBuild" time="0.051">
    <skipped/>
  </testcase> <!-- verifyTitleOfBuild -->
  <testcase classname="test2.LoginTest2" name="verifyTitleOfBuild" time="0.005">
    <skipped/>
  </testcase> <!-- verifyTitleOfBuild -->
  <testcase classname="test2.LoginTest2" name="verifyTitleOfBuild" time="0.006">
    <skipped/>
  </testcase> <!-- verifyTitleOfBuild -->
</testsuite> <!-- LoginTest -->
