<?xml version="1.0" encoding="UTF-8"?>
<!-- Generated by org.testng.reporters.JUnitXMLReporter -->
<testsuite ignored="0" hostname="DESKTOP-GKPSUJA" failures="0" tests="5" name="PIMTest" time="19.911" errors="0" timestamp="2023-05-22T17:38:33 IST">
  <testcase classname="test2.PIMTest2" name="verifyTitleOfPIMPage" time="6.066"/>
  <testcase classname="test2.PIMTest2" name="verifyEmpSearchEmpName" time="2.359"/>
  <testcase classname="test2.PIMTest2" name="verifyEmpSearchEmpName" time="1.096">
    <skipped/>
  </testcase> <!-- verifyEmpSearchEmpName -->
  <testcase classname="test2.PIMTest2" name="verifyEmpSearchEmpName" time="0.086">
    <skipped/>
  </testcase> <!-- verifyEmpSearchEmpName -->
  <testcase classname="test2.PIMTest2" name="verifyEmpSearchEmpName" time="0.033">
    <skipped/>
  </testcase> <!-- verifyEmpSearchEmpName -->
</testsuite> <!-- PIMTest -->
