<?xml version="1.0" encoding="UTF-8"?>
<!-- Generated by org.testng.reporters.JUnitXMLReporter -->
<testsuite ignored="2" hostname="DESKTOP-GKPSUJA" failures="0" tests="10" name="Test" time="12.378" errors="0" timestamp="2023-05-22T18:08:16 IST">
  <testcase classname="test2.CommonTest2" name="@BeforeClass login" time="0.002">
    <failure type="java.lang.NullPointerException" message="Cannot invoke &amp;quot;org.openqa.selenium.WebDriver.manage()&amp;quot; because &amp;quot;this.driver&amp;quot; is null">
      <![CDATA[java.lang.NullPointerException: Cannot invoke "org.openqa.selenium.WebDriver.manage()" because "this.driver" is null
at test2.CommonTest2.login(CommonTest2.java:13)
at java.base/java.util.ArrayList.forEach(ArrayList.java:1511)
... Removed 25 stack frames]]>
    </failure>
  </testcase> <!-- @BeforeClass login -->
  <testcase classname="test2.BaseTest2" name="@AfterClass logOut" time="0.0">
    <skipped/>
  </testcase> <!-- @AfterClass logOut -->
  <testcase classname="test2.LoginTest2" name="verifyTitleOfBuild" time="0.071"/>
  <testcase classname="test2.LoginTest2" name="verifyTitleofPage" time="1.565"/>
  <testcase classname="test2.LoginTest2" name="verifyCurrentUrlofPage" time="0.033"/>
  <testcase classname="test2.LoginTest2" name="verifyLoginWithCorrectCredentials" time="5.73"/>
  <testcase classname="test2.PIMTest2" name="verifyTitleOfPIMPage" time="0.0">
    <skipped/>
  </testcase> <!-- verifyTitleOfPIMPage -->
  <testcase classname="test2.PIMTest2" name="verifyEmpSearchEmpName" time="0.0">
    <skipped/>
  </testcase> <!-- verifyEmpSearchEmpName -->
  <testcase classname="test2.PIMTest2" name="verifyEmpSearchEmpName" time="0.0">
    <skipped/>
  </testcase> <!-- verifyEmpSearchEmpName -->
  <testcase classname="test2.PIMTest2" name="verifyEmpSearchEmpName" time="0.001">
    <skipped/>
  </testcase> <!-- verifyEmpSearchEmpName -->
  <testcase classname="test2.PIMTest2" name="verifyEmpSearchEmpID" time="0.0">
    <skipped/>
  </testcase> <!-- verifyEmpSearchEmpID -->
  <testcase classname="test2.PIMTest2" name="verifyEmploymentStatus" time="0.0">
    <skipped/>
  </testcase> <!-- verifyEmploymentStatus -->
  <testcase classname="test2.BaseTest2" name="@BeforeSuite initBrowser" time="0.0">
    <ignored/>
  </testcase> <!-- @BeforeSuite initBrowser -->
  <testcase classname="test2.BaseTest2" name="@AfterSuite tearDownEnvironment" time="0.0">
    <ignored/>
  </testcase> <!-- @AfterSuite tearDownEnvironment -->
</testsuite> <!-- Test -->
